-------------------------------------------------------------------------------
Test set: com.asi1.GameCard.user.UserApplicationTests
-------------------------------------------------------------------------------
Tests run: 1, Failures: 0, Errors: 1, Skipped: 0, Time elapsed: 0.715 s <<< FAILURE! - in com.asi1.GameCard.user.UserApplicationTests
contextLoads  Time elapsed: 0 s  <<< ERROR!
java.lang.IllegalStateException: Failed to load ApplicationContext
Caused by: org.springframework.beans.factory.BeanCreationException: Error creating bean with name 'authClient': Injection of autowired dependencies failed; nested exception is java.lang.IllegalArgumentException: Could not resolve placeholder 'auth.service.url' in value "${auth.service.url}"
Caused by: java.lang.IllegalArgumentException: Could not resolve placeholder 'auth.service.url' in value "${auth.service.url}"

