<?xml version="1.0" encoding="UTF-8"?>
<testsuite xmlns:xsi="http://www.w3.org/2001/XMLSchema-instance" xsi:noNamespaceSchemaLocation="https://maven.apache.org/surefire/maven-surefire-plugin/xsd/surefire-test-report.xsd" name="com.asi1.GameCard.user.controller.UserControllerTest" time="1.151" tests="5" errors="0" skipped="0" failures="3">
  <properties>
[...]
</properties>
  <testcase name="testGetAllUsers" classname="com.asi1.GameCard.user.controller.UserControllerTest" time="0.065"/>
  <testcase name="testUpdateUser" classname="com.asi1.GameCard.user.controller.UserControllerTest" time="0.026">
    <failure message="Status expected:&lt;200&gt; but was:&lt;404&gt;" type="java.lang.AssertionError"><![CDATA[java.lang.AssertionError: Status expected:<200> but was:<404>
	at com.asi1.GameCard.user.controller.UserControllerTest.testUpdateUser(UserControllerTest.java:70)
]]></failure>
    <system-out><![CDATA[2023-05-21 10:12:49.110 DEBUG 37124 --- [           main] s.w.s.m.m.a.RequestMappingHandlerMapping : Mapped to com.asi1.GameCard.user.controller.UserController#updateUser(Long, User)
2023-05-21 10:12:49.126 DEBUG 37124 --- [           main] m.m.a.RequestResponseBodyMethodProcessor : Read "application/json;charset=UTF-8" to [com.asi1.GameCard.user.model.User@2b79c8ff]
2023-05-21 10:12:49.128 DEBUG 37124 --- [           main] o.s.w.s.m.m.a.HttpEntityMethodProcessor  : Using 'application/json', given [*/*] and supported [application/json, application/*+json, application/json, application/*+json]
2023-05-21 10:12:49.128 DEBUG 37124 --- [           main] o.s.w.s.m.m.a.HttpEntityMethodProcessor  : Nothing to write: null body

MockHttpServletRequest:
      HTTP Method = PUT
      Request URI = /user/1
       Parameters = {}
          Headers = [Content-Type:"application/json;charset=UTF-8", Content-Length:"106"]
             Body = {"id":1,"login":null,"pwd":null,"account":0.0,"lastName":null,"surName":null,"email":null,"cardList":null}
    Session Attrs = {}

Handler:
             Type = com.asi1.GameCard.user.controller.UserController
           Method = com.asi1.GameCard.user.controller.UserController#updateUser(Long, User)

Async:
    Async started = false
     Async result = null

Resolved Exception:
             Type = null

ModelAndView:
        View name = null
             View = null
            Model = null

FlashMap:
       Attributes = null

MockHttpServletResponse:
           Status = 404
    Error message = null
          Headers = []
     Content type = null
             Body = 
    Forwarded URL = null
   Redirected URL = null
          Cookies = []
]]></system-out>
  </testcase>
  <testcase name="testGetUser" classname="com.asi1.GameCard.user.controller.UserControllerTest" time="0.004"/>
  <testcase name="testCreateUser" classname="com.asi1.GameCard.user.controller.UserControllerTest" time="0.005">
    <failure message="Status expected:&lt;200&gt; but was:&lt;404&gt;" type="java.lang.AssertionError"><![CDATA[java.lang.AssertionError: Status expected:<200> but was:<404>
	at com.asi1.GameCard.user.controller.UserControllerTest.testCreateUser(UserControllerTest.java:60)
]]></failure>
    <system-out><![CDATA[2023-05-21 10:12:49.140 DEBUG 37124 --- [           main] o.s.w.s.handler.SimpleUrlHandlerMapping  : Mapped to ResourceHttpRequestHandler [Classpath [META-INF/resources/], Classpath [resources/], Classpath [static/], Classpath [public/], ServletContext [/]]
2023-05-21 10:12:49.141 DEBUG 37124 --- [           main] o.s.w.s.r.ResourceHttpRequestHandler     : Resource not found

MockHttpServletRequest:
      HTTP Method = POST
      Request URI = /user
       Parameters = {}
          Headers = [Content-Type:"application/json;charset=UTF-8", Content-Length:"106"]
             Body = {"id":1,"login":null,"pwd":null,"account":0.0,"lastName":null,"surName":null,"email":null,"cardList":null}
    Session Attrs = {}

Handler:
             Type = org.springframework.web.servlet.resource.ResourceHttpRequestHandler

Async:
    Async started = false
     Async result = null

Resolved Exception:
             Type = null

ModelAndView:
        View name = null
             View = null
            Model = null

FlashMap:
       Attributes = null

MockHttpServletResponse:
           Status = 404
    Error message = null
          Headers = [Vary:"Origin", "Access-Control-Request-Method", "Access-Control-Request-Headers"]
     Content type = null
             Body = 
    Forwarded URL = null
   Redirected URL = null
          Cookies = []
]]></system-out>
  </testcase>
  <testcase name="testDeleteUser" classname="com.asi1.GameCard.user.controller.UserControllerTest" time="0.004">
    <failure message="Status expected:&lt;200&gt; but was:&lt;404&gt;" type="java.lang.AssertionError"><![CDATA[java.lang.AssertionError: Status expected:<200> but was:<404>
	at com.asi1.GameCard.user.controller.UserControllerTest.testDeleteUser(UserControllerTest.java:77)
]]></failure>
    <system-out><![CDATA[2023-05-21 10:12:49.144 DEBUG 37124 --- [           main] s.w.s.m.m.a.RequestMappingHandlerMapping : Mapped to com.asi1.GameCard.user.controller.UserController#deleteUser(Long)
2023-05-21 10:12:49.145 DEBUG 37124 --- [           main] o.s.w.s.m.m.a.HttpEntityMethodProcessor  : Using 'application/json', given [*/*] and supported [application/json, application/*+json, application/json, application/*+json]
2023-05-21 10:12:49.145 DEBUG 37124 --- [           main] o.s.w.s.m.m.a.HttpEntityMethodProcessor  : Nothing to write: null body

MockHttpServletRequest:
      HTTP Method = DELETE
      Request URI = /user/1
       Parameters = {}
          Headers = [Content-Type:"application/json;charset=UTF-8"]
             Body = null
    Session Attrs = {}

Handler:
             Type = com.asi1.GameCard.user.controller.UserController
           Method = com.asi1.GameCard.user.controller.UserController#deleteUser(Long)

Async:
    Async started = false
     Async result = null

Resolved Exception:
             Type = null

ModelAndView:
        View name = null
             View = null
            Model = null

FlashMap:
       Attributes = null

MockHttpServletResponse:
           Status = 404
    Error message = null
          Headers = []
     Content type = null
             Body = 
    Forwarded URL = null
   Redirected URL = null
          Cookies = []
]]></system-out>
  </testcase>
</testsuite>